Started GET "/" for ::1 at 2021-12-20 15:34:52 +0630
  
ActiveRecord::ConnectionNotEstablished (Access denied for user 'root'@'localhost' (using password: NO)):
  
activerecord (6.1.4.4) lib/active_record/connection_adapters/mysql2_adapter.rb:45:in `rescue in new_client'
activerecord (6.1.4.4) lib/active_record/connection_adapters/mysql2_adapter.rb:39:in `new_client'
activerecord (6.1.4.4) lib/active_record/connection_adapters/mysql2_adapter.rb:23:in `mysql2_connection'
activerecord (6.1.4.4) lib/active_record/connection_adapters/abstract/connection_pool.rb:882:in `public_send'
activerecord (6.1.4.4) lib/active_record/connection_adapters/abstract/connection_pool.rb:882:in `new_connection'
activerecord (6.1.4.4) lib/active_record/connection_adapters/abstract/connection_pool.rb:926:in `checkout_new_connection'
activerecord (6.1.4.4) lib/active_record/connection_adapters/abstract/connection_pool.rb:905:in `try_to_checkout_new_connection'
activerecord (6.1.4.4) lib/active_record/connection_adapters/abstract/connection_pool.rb:866:in `acquire_connection'
activerecord (6.1.4.4) lib/active_record/connection_adapters/abstract/connection_pool.rb:588:in `checkout'
activerecord (6.1.4.4) lib/active_record/connection_adapters/abstract/connection_pool.rb:428:in `connection'
activerecord (6.1.4.4) lib/active_record/connection_adapters/abstract/connection_pool.rb:1128:in `retrieve_connection'
activerecord (6.1.4.4) lib/active_record/connection_handling.rb:327:in `retrieve_connection'
activerecord (6.1.4.4) lib/active_record/connection_handling.rb:283:in `connection'
activerecord (6.1.4.4) lib/active_record/migration.rb:611:in `connection'
activerecord (6.1.4.4) lib/active_record/migration.rb:606:in `build_watcher'
activerecord (6.1.4.4) lib/active_record/migration.rb:588:in `block in call'
activerecord (6.1.4.4) lib/active_record/migration.rb:587:in `synchronize'
activerecord (6.1.4.4) lib/active_record/migration.rb:587:in `call'
actionpack (6.1.4.4) lib/action_dispatch/middleware/callbacks.rb:27:in `block in call'
activesupport (6.1.4.4) lib/active_support/callbacks.rb:98:in `run_callbacks'
actionpack (6.1.4.4) lib/action_dispatch/middleware/callbacks.rb:26:in `call'
actionpack (6.1.4.4) lib/action_dispatch/middleware/executor.rb:14:in `call'
actionpack (6.1.4.4) lib/action_dispatch/middleware/actionable_exceptions.rb:18:in `call'
actionpack (6.1.4.4) lib/action_dispatch/middleware/debug_exceptions.rb:29:in `call'
web-console (4.2.0) lib/web_console/middleware.rb:132:in `call_app'
web-console (4.2.0) lib/web_console/middleware.rb:28:in `block in call'
web-console (4.2.0) lib/web_console/middleware.rb:17:in `catch'
web-console (4.2.0) lib/web_console/middleware.rb:17:in `call'
actionpack (6.1.4.4) lib/action_dispatch/middleware/show_exceptions.rb:33:in `call'
railties (6.1.4.4) lib/rails/rack/logger.rb:37:in `call_app'
railties (6.1.4.4) lib/rails/rack/logger.rb:26:in `block in call'
activesupport (6.1.4.4) lib/active_support/tagged_logging.rb:99:in `block in tagged'
activesupport (6.1.4.4) lib/active_support/tagged_logging.rb:37:in `tagged'
activesupport (6.1.4.4) lib/active_support/tagged_logging.rb:99:in `tagged'
railties (6.1.4.4) lib/rails/rack/logger.rb:26:in `call'
sprockets-rails (3.4.2) lib/sprockets/rails/quiet_assets.rb:13:in `call'
actionpack (6.1.4.4) lib/action_dispatch/middleware/remote_ip.rb:81:in `call'
actionpack (6.1.4.4) lib/action_dispatch/middleware/request_id.rb:26:in `call'
rack (2.2.3) lib/rack/method_override.rb:24:in `call'
rack (2.2.3) lib/rack/runtime.rb:22:in `call'
activesupport (6.1.4.4) lib/active_support/cache/strategy/local_cache_middleware.rb:29:in `call'
actionpack (6.1.4.4) lib/action_dispatch/middleware/executor.rb:14:in `call'
actionpack (6.1.4.4) lib/action_dispatch/middleware/static.rb:24:in `call'
rack (2.2.3) lib/rack/sendfile.rb:110:in `call'
actionpack (6.1.4.4) lib/action_dispatch/middleware/host_authorization.rb:119:in `call'
rack-mini-profiler (2.3.3) lib/mini_profiler/profiler.rb:393:in `call'
webpacker (5.4.3) lib/webpacker/dev_server_proxy.rb:25:in `perform_request'
rack-proxy (0.7.0) lib/rack/proxy.rb:63:in `call'
railties (6.1.4.4) lib/rails/engine.rb:539:in `call'
puma (5.5.2) lib/puma/configuration.rb:249:in `call'
puma (5.5.2) lib/puma/request.rb:77:in `block in handle_request'
puma (5.5.2) lib/puma/thread_pool.rb:340:in `with_force_shutdown'
puma (5.5.2) lib/puma/request.rb:76:in `handle_request'
puma (5.5.2) lib/puma/server.rb:447:in `process_client'
puma (5.5.2) lib/puma/thread_pool.rb:147:in `block in spawn_thread'
Started GET "/" for ::1 at 2021-12-20 15:38:13 +0630
Processing by Rails::WelcomeController#index as HTML
  Rendering C:/Ruby26-x64/lib/ruby/gems/2.6.0/gems/railties-6.1.4.4/lib/rails/templates/rails/welcome/index.html.erb
  Rendered C:/Ruby26-x64/lib/ruby/gems/2.6.0/gems/railties-6.1.4.4/lib/rails/templates/rails/welcome/index.html.erb (Duration: 495.7ms | Allocations: 355)
Completed 200 OK in 576ms (Views: 501.7ms | ActiveRecord: 0.0ms | Allocations: 3341)


Started GET "/" for ::1 at 2021-12-20 15:47:27 +0630
Processing by Rails::WelcomeController#index as HTML
  Rendering C:/Ruby26-x64/lib/ruby/gems/2.6.0/gems/railties-6.1.4.4/lib/rails/templates/rails/welcome/index.html.erb
  Rendered C:/Ruby26-x64/lib/ruby/gems/2.6.0/gems/railties-6.1.4.4/lib/rails/templates/rails/welcome/index.html.erb (Duration: 11.9ms | Allocations: 355)
Completed 200 OK in 55ms (Views: 18.2ms | ActiveRecord: 0.0ms | Allocations: 2779)


Started GET "/age_form" for ::1 at 2021-12-20 15:47:38 +0630
  
ActionController::RoutingError (No route matches [GET] "/age_form"):
  
Started GET "/age_calculator" for ::1 at 2021-12-20 15:48:26 +0630
Processing by AgeCalculatorController#age_form as HTML
  Rendering layout layouts/application.html.erb
  Rendering age_calculator/age_form.html.erb within layouts/application
  Rendered age_calculator/age_form.html.erb within layouts/application (Duration: 23.2ms | Allocations: 396)
[Webpacker] Compiling...
Started GET "/age_calculator" for ::1 at 2021-12-20 15:48:30 +0630
Processing by AgeCalculatorController#age_form as HTML
  Rendering layout layouts/application.html.erb
  Rendering age_calculator/age_form.html.erb within layouts/application
  Rendered age_calculator/age_form.html.erb within layouts/application (Duration: 2.2ms | Allocations: 182)
[Webpacker] Compiling...
[Webpacker] Compiled all packs in C:/Users/thura/Desktop/RubyTuto/RUBY_TRAINING/tutorials/tutorial_03/public/packs
[Webpacker] Hash: 2034dd941d5476d8645c
Version: webpack 4.46.0
Time: 10310ms
Built at: 12/20/2021 3:48:52 PM
                                     Asset       Size       Chunks                         Chunk Names
    js/application-3dd0dc24d9c39bc09227.js    125 KiB  application  [emitted] [immutable]  application
js/application-3dd0dc24d9c39bc09227.js.map    139 KiB  application  [emitted] [dev]        application
                             manifest.json  364 bytes               [emitted]              
Entrypoint application = js/application-3dd0dc24d9c39bc09227.js js/application-3dd0dc24d9c39bc09227.js.map
[./app/javascript/channels sync recursive _channel\.js$] ./app/javascript/channels sync _channel\.js$ 160 bytes {application} [built]
[./app/javascript/channels/index.js] 211 bytes {application} [built]
[./app/javascript/packs/application.js] 492 bytes {application} [built]
[./node_modules/webpack/buildin/module.js] (webpack)/buildin/module.js 552 bytes {application} [built]
    + 3 hidden modules

[Webpacker] Compiled all packs in C:/Users/thura/Desktop/RubyTuto/RUBY_TRAINING/tutorials/tutorial_03/public/packs
[Webpacker] Hash: 2034dd941d5476d8645c
Version: webpack 4.46.0
Time: 10317ms
Built at: 12/20/2021 3:48:52 PM
                                     Asset       Size       Chunks                         Chunk Names
    js/application-3dd0dc24d9c39bc09227.js    125 KiB  application  [emitted] [immutable]  application
js/application-3dd0dc24d9c39bc09227.js.map    139 KiB  application  [emitted] [dev]        application
                             manifest.json  364 bytes               [emitted]              
Entrypoint application = js/application-3dd0dc24d9c39bc09227.js js/application-3dd0dc24d9c39bc09227.js.map
[./app/javascript/channels sync recursive _channel\.js$] ./app/javascript/channels sync _channel\.js$ 160 bytes {application} [built]
[./app/javascript/channels/index.js] 211 bytes {application} [built]
[./app/javascript/packs/application.js] 492 bytes {application} [built]
[./node_modules/webpack/buildin/module.js] (webpack)/buildin/module.js 552 bytes {application} [built]
    + 3 hidden modules

  Rendered layout layouts/application.html.erb (Duration: 26732.4ms | Allocations: 32623)
Completed 200 OK in 26759ms (Views: 26755.0ms | ActiveRecord: 0.0ms | Allocations: 34088)


  Rendered layout layouts/application.html.erb (Duration: 22795.4ms | Allocations: 7399)
Completed 200 OK in 22885ms (Views: 22884.2ms | ActiveRecord: 0.0ms | Allocations: 8200)


Started POST "/age_calculator" for ::1 at 2021-12-20 15:49:04 +0630
Processing by AgeCalculatorController#age_form as HTML
  Parameters: {"authenticity_token"=>"[FILTERED]", "born_on"=>"2021-12-01", "commit"=>"Calculate Age"}
Redirected to http://localhost:3000/age_result?passed_parameter%5B%5D=0&passed_parameter%5B%5D=0&passed_parameter%5B%5D=19
Completed 302 Found in 49ms (ActiveRecord: 0.0ms | Allocations: 450)


Started GET "/age_result?passed_parameter%5B%5D=0&passed_parameter%5B%5D=0&passed_parameter%5B%5D=19" for ::1 at 2021-12-20 15:49:04 +0630
Processing by AgeCalculatorController#age_result as HTML
  Parameters: {"passed_parameter"=>["0", "0", "19"]}
  Rendering layout layouts/application.html.erb
  Rendering age_calculator/age_result.erb within layouts/application
  Rendered age_calculator/age_result.erb within layouts/application (Duration: 7.1ms | Allocations: 241)
[Webpacker] Everything's up-to-date. Nothing to do
  Rendered layout layouts/application.html.erb (Duration: 70.1ms | Allocations: 4490)
Completed 200 OK in 78ms (Views: 72.1ms | ActiveRecord: 0.0ms | Allocations: 5139)


Started GET "/age_calculator" for ::1 at 2021-12-20 16:02:34 +0630
Processing by AgeCalculatorController#age_form as HTML
  Rendering layout layouts/application.html.erb
  Rendering age_calculator/age_form.html.erb within layouts/application
  Rendered age_calculator/age_form.html.erb within layouts/application (Duration: 20.2ms | Allocations: 511)
  Rendered layout layouts/application.html.erb (Duration: 240.5ms | Allocations: 4419)
Completed 500 Internal Server Error in 371ms (ActiveRecord: 0.0ms | Allocations: 7345)


  
ActionView::Template::Error (Error: File to import not found or unreadable: config/fonts.
        on line 17:1 of app/assets/stylesheets/application.scss
>> @import "config/fonts";

   ^
):
     6:     <%= csrf_meta_tags %>
     7:     <%= csp_meta_tag %>
     8: 
     9:     <%= stylesheet_link_tag 'application', media: 'all', 'data-turbolinks-track': 'reload' %>
    10:     <%= javascript_pack_tag 'application', 'data-turbolinks-track': 'reload' %>
    11:   </head>
    12: 
  
app/assets/stylesheets/application.scss:17
app/views/layouts/application.html.erb:9
Started GET "/age_calculator" for ::1 at 2021-12-20 16:03:49 +0630
Processing by AgeCalculatorController#age_form as HTML
  Rendering layout layouts/application.html.erb
  Rendering age_calculator/age_form.html.erb within layouts/application
  Rendered age_calculator/age_form.html.erb within layouts/application (Duration: 0.8ms | Allocations: 171)
[Webpacker] Compiling...
[Webpacker] Compilation failed:
Hash: 7fcd5a1c111d401cfe93
Version: webpack 4.46.0
Time: 10489ms
Built at: 12/20/2021 4:04:15 PM
                                     Asset       Size       Chunks                         Chunk Names
    js/application-cee4573637cee2e0d262.js    605 KiB  application  [emitted] [immutable]  application
js/application-cee4573637cee2e0d262.js.map    708 KiB  application  [emitted] [dev]        application
                             manifest.json  364 bytes               [emitted]              
Entrypoint application = js/application-cee4573637cee2e0d262.js js/application-cee4573637cee2e0d262.js.map
[./app/javascript/channels sync recursive _channel\.js$] ./app/javascript/channels sync _channel\.js$ 160 bytes {application} [built]
[./app/javascript/channels/index.js] 211 bytes {application} [built]
[./app/javascript/packs/application.js] 512 bytes {application} [built]
[./node_modules/webpack/buildin/module.js] (webpack)/buildin/module.js 552 bytes {application} [built]
    + 5 hidden modules

ERROR in ./node_modules/bootstrap/dist/js/bootstrap.esm.js
Module not found: Error: Can't resolve '@popperjs/core' in 'C:\Users\thura\Desktop\RubyTuto\RUBY_TRAINING\tutorials\tutorial_03\node_modules\bootstrap\dist\js'
 @ ./node_modules/bootstrap/dist/js/bootstrap.esm.js 60:0-41 2356:17-23 2375:21-40 4029:15-21 4164:23-42
 @ ./app/javascript/packs/application.js

  Rendered layout layouts/application.html.erb (Duration: 26975.5ms | Allocations: 103491)
Completed 200 OK in 26980ms (Views: 26978.0ms | ActiveRecord: 0.0ms | Allocations: 104019)


Started POST "/age_calculator" for ::1 at 2021-12-20 16:04:31 +0630
Processing by AgeCalculatorController#age_form as HTML
  Parameters: {"authenticity_token"=>"[FILTERED]", "born_on"=>"2021-12-01", "commit"=>"Calculate Age"}
Redirected to http://localhost:3000/age_result?passed_parameter%5B%5D=0&passed_parameter%5B%5D=0&passed_parameter%5B%5D=19
Completed 302 Found in 76ms (ActiveRecord: 0.0ms | Allocations: 472)


Started GET "/age_result?passed_parameter%5B%5D=0&passed_parameter%5B%5D=0&passed_parameter%5B%5D=19" for ::1 at 2021-12-20 16:04:31 +0630
Processing by AgeCalculatorController#age_result as HTML
  Parameters: {"passed_parameter"=>["0", "0", "19"]}
  Rendering layout layouts/application.html.erb
  Rendering age_calculator/age_result.erb within layouts/application
  Rendered age_calculator/age_result.erb within layouts/application (Duration: 1.3ms | Allocations: 241)
[Webpacker] Everything's up-to-date. Nothing to do
  Rendered layout layouts/application.html.erb (Duration: 115.8ms | Allocations: 14913)
Completed 200 OK in 123ms (Views: 117.4ms | ActiveRecord: 0.0ms | Allocations: 15564)


Started GET "/age_calculator" for ::1 at 2021-12-20 16:05:17 +0630
Processing by AgeCalculatorController#age_form as HTML
  Rendering layout layouts/application.html.erb
  Rendering age_calculator/age_form.html.erb within layouts/application
  Rendered age_calculator/age_form.html.erb within layouts/application (Duration: 0.7ms | Allocations: 170)
[Webpacker] Everything's up-to-date. Nothing to do
  Rendered layout layouts/application.html.erb (Duration: 2573.1ms | Allocations: 87627)
Completed 200 OK in 2578ms (Views: 2576.3ms | ActiveRecord: 0.0ms | Allocations: 88140)


Started GET "/age_calculator" for ::1 at 2021-12-20 16:07:05 +0630
Processing by AgeCalculatorController#age_form as HTML
  Rendering layout layouts/application.html.erb
  Rendering age_calculator/age_form.html.erb within layouts/application
  Rendered age_calculator/age_form.html.erb within layouts/application (Duration: 21.6ms | Allocations: 351)
[Webpacker] Everything's up-to-date. Nothing to do
  Rendered layout layouts/application.html.erb (Duration: 2721.5ms | Allocations: 98998)
Completed 200 OK in 2736ms (Views: 2729.1ms | ActiveRecord: 0.0ms | Allocations: 100274)


Started POST "/age_calculator" for ::1 at 2021-12-20 16:07:20 +0630
Processing by AgeCalculatorController#age_form as HTML
  Parameters: {"authenticity_token"=>"[FILTERED]", "born_on"=>"2021-12-02", "commit"=>"Calculate Age"}
Redirected to http://localhost:3000/age_result?passed_parameter%5B%5D=0&passed_parameter%5B%5D=0&passed_parameter%5B%5D=18
Completed 302 Found in 3ms (ActiveRecord: 0.0ms | Allocations: 414)


Started GET "/age_result?passed_parameter%5B%5D=0&passed_parameter%5B%5D=0&passed_parameter%5B%5D=18" for ::1 at 2021-12-20 16:07:20 +0630
Processing by AgeCalculatorController#age_result as HTML
  Parameters: {"passed_parameter"=>["0", "0", "18"]}
  Rendering layout layouts/application.html.erb
  Rendering age_calculator/age_result.erb within layouts/application
  Rendered age_calculator/age_result.erb within layouts/application (Duration: 0.9ms | Allocations: 233)
[Webpacker] Everything's up-to-date. Nothing to do
  Rendered layout layouts/application.html.erb (Duration: 106.8ms | Allocations: 15269)
Completed 200 OK in 118ms (Views: 109.3ms | ActiveRecord: 0.0ms | Allocations: 15921)


Started GET "/" for ::1 at 2021-12-20 16:43:54 +0630
Processing by Rails::WelcomeController#index as HTML
  Rendering C:/Ruby26-x64/lib/ruby/gems/2.6.0/gems/railties-6.1.4.4/lib/rails/templates/rails/welcome/index.html.erb
  Rendered C:/Ruby26-x64/lib/ruby/gems/2.6.0/gems/railties-6.1.4.4/lib/rails/templates/rails/welcome/index.html.erb (Duration: 174.3ms | Allocations: 355)
Completed 200 OK in 375ms (Views: 205.9ms | ActiveRecord: 0.0ms | Allocations: 2839)


Started GET "/age_calculator" for ::1 at 2021-12-20 16:44:05 +0630
Processing by AgeCalculatorController#age_form as HTML
  Rendering layout layouts/application.html.erb
  Rendering age_calculator/age_form.html.erb within layouts/application
  Rendered age_calculator/age_form.html.erb within layouts/application (Duration: 1.5ms | Allocations: 383)
[Webpacker] Everything's up-to-date. Nothing to do
  Rendered layout layouts/application.html.erb (Duration: 1937.7ms | Allocations: 40674)
Completed 200 OK in 1953ms (Views: 1949.3ms | ActiveRecord: 0.0ms | Allocations: 41997)


Started GET "/age_calculator" for ::1 at 2021-12-20 16:44:08 +0630
Processing by AgeCalculatorController#age_form as HTML
  Rendering layout layouts/application.html.erb
  Rendering age_calculator/age_form.html.erb within layouts/application
  Rendered age_calculator/age_form.html.erb within layouts/application (Duration: 1.3ms | Allocations: 170)
[Webpacker] Everything's up-to-date. Nothing to do
  Rendered layout layouts/application.html.erb (Duration: 125.0ms | Allocations: 16125)
Completed 200 OK in 128ms (Views: 126.9ms | ActiveRecord: 0.0ms | Allocations: 16635)


Started POST "/age_calculator" for ::1 at 2021-12-20 16:44:15 +0630
Processing by AgeCalculatorController#age_form as HTML
  Parameters: {"authenticity_token"=>"[FILTERED]", "born_on"=>"2021-12-01", "commit"=>"Calculate Age"}
Redirected to http://localhost:3000/age_result?passed_parameter%5B%5D=0&passed_parameter%5B%5D=0&passed_parameter%5B%5D=19
Completed 302 Found in 88ms (ActiveRecord: 0.0ms | Allocations: 468)


Started GET "/age_result?passed_parameter%5B%5D=0&passed_parameter%5B%5D=0&passed_parameter%5B%5D=19" for ::1 at 2021-12-20 16:44:16 +0630
Processing by AgeCalculatorController#age_result as HTML
  Parameters: {"passed_parameter"=>["0", "0", "19"]}
  Rendering layout layouts/application.html.erb
  Rendering age_calculator/age_result.erb within layouts/application
  Rendered age_calculator/age_result.erb within layouts/application (Duration: 1.1ms | Allocations: 248)
[Webpacker] Everything's up-to-date. Nothing to do
  Rendered layout layouts/application.html.erb (Duration: 126.7ms | Allocations: 15285)
Completed 200 OK in 137ms (Views: 128.7ms | ActiveRecord: 0.0ms | Allocations: 15936)


